00:00:32  27.12
00:01:07  33.51
00:02:29  9.95
00:04:40  18.04
00:05:29  26.30
00:07:14  17.50
00:07:34  41.92
00:07:35  26.12
00:08:33  38.71
00:19:47  46.46
00:22:43  22.70
00:22:49  28.97
00:24:34  35.37
00:25:00  34.74
00:25:42  23.37
00:26:11  31.99
00:33:01  40.01
00:36:11  37.96
00:36:15  41.60
00:40:45  35.13
00:40:52  21.85
00:44:12  33.70
00:44:17  37.12
00:44:30  30.33
00:45:15  41.95
00:45:29  27.92
00:47:16  35.97
00:48:16  21.03
00:51:49  33.08
00:53:38  27.40
00:55:42  38.33
00:56:32  42.67
00:58:57  44.75
00:59:07  36.79
01:02:55  44.29
01:09:03  22.67
01:12:49  41.64
01:14:57  24.99
01:16:21  22.95
01:18:24  37.35
01:19:30  29.65
01:21:36  38.56
01:23:01  36.38
01:26:15  28.01
01:27:59  29.68
01:28:08  40.31
01:28:31  35.32
01:32:07  22.64
01:32:44  18.49
01:33:24  43.31
01:34:42  43.09
01:36:52  38.31
01:37:47  41.85
01:42:36  40.21
01:42:59  40.94
01:47:01  43.54
01:47:18  22.39
01:47:36  41.39
01:49:08  26.26
01:51:09  44.52
01:51:13  17.33
01:51:22  46.25
01:53:56  33.86
01:55:34  19.29
01:56:21  45.46
01:56:34  38.01
01:57:53  24.29
02:00:34  26.47
02:02:43  21.21
02:04:12  42.06
02:04:24  34.60
02:04:59  22.17
02:07:46  35.28
02:08:05  18.77
02:08:16  30.16
02:11:23  28.47
02:12:06  33.30
02:12:31  44.21
02:14:36  42.31
02:15:26  26.82
02:16:54  43.24
02:17:45  46.17
02:20:57  23.90
02:22:46  43.64
02:23:09  21.74
02:24:39  21.20
02:25:25  17.42
02:31:18  32.21
02:32:19  28.84
02:34:34  27.99
02:35:32  40.67
02:36:09  37.56
02:36:28  32.31
02:36:33  20.04
02:37:31  17.35
02:39:24  28.15
02:42:22  32.39
02:44:34  31.92
02:44:53  26.78
02:46:06  23.17
02:48:43  28.36
02:49:09  24.57
02:49:29  31.79
02:49:36  17.33
02:54:43  32.39
02:56:44  42.00
03:03:50  23.51
03:06:55  37.85
03:09:19  36.54
03:10:41  24.48
03:14:02  18.55
03:16:13  39.04
03:17:03  44.24
03:17:56  40.38
03:18:41  25.94
03:20:45  29.47
03:21:34  42.43
03:26:39  43.24
03:27:56  23.89
03:29:30  32.65
03:31:02  20.77
03:33:00  40.79
03:34:37  28.29
03:38:32  33.50
03:38:34  29.02
03:39:20  46.50
03:41:03  32.66
03:42:01  21.37
03:42:19  45.05
03:45:42  38.75
03:47:02  37.24
03:50:17  44.42
03:52:16  35.47
03:55:03  46.43
03:56:10  34.83
03:56:37  40.51
03:57:16  34.15
03:57:31  26.06
03:58:21  44.62
03:59:10  27.14
04:04:29  30.66
04:06:25  17.44
04:07:34  44.72
04:07:55  32.24
04:15:17  34.57
04:15:23  34.43
04:15:29  21.82
04:18:44  31.56
04:19:04  28.63
04:24:34  28.73
04:27:32  25.72
04:27:48  17.45
04:29:47  31.60
04:30:11  42.34
04:30:59  43.96
04:32:03  28.17
04:32:31  23.19
04:34:00  17.87
04:37:38  20.83
04:38:54  24.00
04:41:19  43.31
04:43:59  27.49
04:44:25  35.68
04:45:14  25.96
04:45:29  24.02
04:46:42  46.25
04:47:13  42.68
04:48:31  36.09
04:48:37  42.89
04:49:47  35.64
04:52:03  37.47
04:52:29  45.13
04:52:45  30.54
04:53:49  32.04
04:55:08  33.20
04:55:57  44.33
04:58:43  23.71
05:00:21  44.15
05:01:17  37.81
05:03:47  27.96
05:04:06  33.74
05:06:39  41.24
05:06:57  39.21
05:08:05  25.01
05:08:12  25.47
05:09:23  30.78
05:09:38  25.52
05:14:15  18.08
05:14:37  45.44
05:14:52  25.72
05:15:04  34.34
05:16:26  29.37
05:16:47  40.57
05:17:34  22.02
05:18:38  40.20
05:23:24  22.35
05:24:07  30.39
05:30:27  32.80
05:31:00  29.89
05:31:21  22.23
05:34:23  27.06
05:34:52  36.74
05:36:06  29.40
05:36:21  30.60
05:36:40  28.46
05:39:27  28.16
05:41:00  34.09
05:41:45  27.80
05:43:35  39.35
05:43:57  29.08
05:44:45  21.13
05:44:55  21.66
05:49:08  38.68
05:49:17  43.45
05:50:48  40.08
05:51:03  45.11
05:52:03  27.80
05:52:04  24.13
05:52:43  43.45
05:53:09  30.27
05:54:00  31.95
05:54:14  43.14
05:54:33  21.34
05:54:43  42.63
05:55:17  34.39
05:56:53  29.81
06:00:27  40.94
06:03:10  44.22
06:04:20  36.53
06:05:57  27.60
06:07:09  33.27
06:09:18  39.21
06:11:27  41.84
06:12:07  17.62
06:12:59  37.37
06:15:24  26.39
06:19:10  20.57
06:21:41  43.61
06:23:14  40.50
06:24:44  25.43
06:25:28  34.38
06:26:59  35.17
06:27:48  40.31
06:28:13  42.30
06:28:47  17.95
06:30:36  32.78
06:30:45  37.56
06:30:51  38.52
06:32:07  30.59
06:32:10  31.41
06:32:24  46.08
06:35:20  34.53
06:39:58  25.20
06:41:04  28.41
06:41:37  36.24
06:43:47  29.01
06:44:39  39.20
06:47:45  19.59
06:48:04  34.31
06:48:23  18.52
06:48:25  27.51
06:48:41  45.28
06:52:18  35.67
06:52:25  43.51
06:53:47  24.96
06:54:34  28.69
06:55:08  33.10
06:55:24  26.53
06:59:33  34.41
07:00:04  27.06
07:00:24  18.06
07:00:43  41.42
07:04:32  23.97
07:04:35  46.26
07:04:43  28.39
07:06:30  46.50
07:06:44  37.58
07:08:31  17.51
07:08:33  29.63
07:08:55  33.74
07:10:01  27.46
07:11:25  26.01
07:11:28  42.58
07:11:53  30.23
07:14:04  42.39
07:16:48  26.22
07:17:19  22.16
07:17:28  26.85
07:18:02  18.51
07:19:51  18.11
07:20:39  29.37
07:22:32  30.14
07:22:33  21.47
07:24:47  18.18
07:26:14  23.37
07:27:12  17.83
07:27:21  24.41
07:28:24  43.75
07:29:05  38.85
07:32:58  26.32
07:33:50  38.78
07:34:25  18.60
07:36:41  31.62
07:39:32  24.47
07:40:04  30.99
07:40:19  46.36
07:40:39  44.01
07:41:45  44.67
07:42:22  45.22
07:42:53  30.80
07:45:45  35.57
07:46:27  45.89
07:51:21  30.40
07:52:33  34.94
07:53:49  26.98
07:54:18  22.50
07:55:24  35.89
07:56:33  22.26
08:00:25  22.49
08:00:45  28.83
08:04:25  46.17
08:04:26  41.41
08:04:36  39.11
08:08:52  28.04
08:10:21  44.92
08:15:05  26.57
08:16:58  17.40
08:16:59  28.48
08:17:51  34.02
08:18:15  43.20
08:18:29  35.46
08:18:57  18.58
08:20:24  18.31
08:20:47  17.90
08:22:59  40.81
08:24:05  40.22
08:26:53  24.39
08:26:54  27.91
08:30:22  22.35
08:31:01  23.78
08:33:07  45.32
08:33:51  41.88
08:34:41  38.02
08:34:50  26.69
08:35:05  21.91
08:36:39  28.61
08:41:35  43.54
08:41:58  44.65
08:42:15  30.69
08:42:45  27.54
08:44:19  43.38
08:44:47  39.22
08:45:52  31.45
08:49:11  39.97
08:51:57  38.15
08:54:08  39.39
09:00:17  34.43
09:02:37  25.85
09:04:48  35.13
09:07:08  33.13
09:12:51  28.31
09:13:21  23.91
09:13:49  22.38
09:16:28  36.52
09:22:26  29.19
09:24:48  28.02
09:26:35  35.62
09:27:18  40.46
09:28:44  35.19
09:29:08  25.21
09:32:03  27.09
09:32:08  20.58
09:32:21  40.49
09:32:31  41.66
09:32:37  31.92
09:33:12  22.81
09:33:29  43.73
09:35:45  43.96
09:36:35  31.84
09:38:07  32.06
09:39:23  23.53
09:40:41  44.91
09:41:55  35.45
09:42:20  19.85
09:43:29  38.32
09:44:02  30.68
09:44:41  27.83
09:45:15  39.06
09:45:29  22.89
09:46:21  29.83
09:47:15  42.43
09:47:55  31.68
09:47:56  44.45
09:48:34  28.77
09:48:40  44.87
09:50:44  22.07
09:50:48  26.77
09:51:35  41.84
09:52:40  18.89
09:52:57  43.68
09:53:00  34.36
09:53:20  43.68
09:56:55  43.25
09:57:40  22.30
10:03:10  45.81
10:04:13  31.88
10:06:24  19.42
10:08:15  46.01
10:08:59  35.51
10:12:39  19.88
10:14:28  32.44
10:14:31  29.32
10:16:08  24.30
10:16:43  34.09
10:17:11  24.55
10:17:49  22.71
10:18:23  37.59
10:18:35  36.47
10:25:36  26.31
10:34:37  34.22
10:35:22  43.44
10:36:41  28.25
10:38:45  36.31
10:39:30  27.33
10:40:01  20.99
10:44:18  18.79
10:50:00  41.92
10:50:28  20.68
10:50:34  36.14
10:52:16  22.17
10:53:23  35.99
10:57:44  21.64
11:00:36  43.63
11:03:50  45.76
11:03:52  21.88
11:03:57  37.61
11:04:48  18.17
11:08:01  29.36
11:08:17  35.62
11:09:00  28.63
11:10:23  44.88
11:13:11  23.90
11:14:02  40.99
11:14:41  41.89
11:16:51  39.07
11:17:25  31.02
11:17:45  21.04
11:18:05  26.65
11:19:42  18.08
11:20:18  46.50
11:21:38  45.42
11:23:21  39.32
11:25:03  45.75
11:25:25  41.98
11:25:33  20.44
11:27:34  29.66
11:30:25  22.81
11:30:32  40.59
11:31:53  23.13
11:32:15  25.13
11:33:07  24.47
11:34:01  25.00
11:42:07  27.77
11:42:26  17.71
11:43:38  31.54
11:45:25  28.96
11:49:41  17.42
11:56:16  37.00
11:56:49  18.53
12:01:18  27.81
12:02:17  18.14
12:04:10  45.60
12:04:25  39.91
12:05:17  28.00
12:05:49  43.66
12:06:34  40.20
12:08:45  20.33
12:09:59  24.30
12:10:23  20.45
12:12:11  21.14
12:13:04  40.00
12:14:33  18.63
12:17:58  34.16
12:19:59  19.81
12:22:55  30.95
12:25:20  38.82
12:28:01  35.74
12:28:26  27.19
12:30:13  30.83
12:30:15  21.49
12:30:23  29.13
12:31:49  42.50
12:31:59  26.08
12:34:44  17.86
12:35:51  24.14
12:36:42  26.80
12:38:16  21.28
12:42:22  40.00
12:43:36  19.92
12:45:23  27.42
12:47:36  40.97
12:47:44  37.62
12:51:47  25.99
12:52:03  27.67
12:52:33  31.95
12:56:48  18.15
12:58:54  26.63
13:00:14  32.13
13:00:37  33.03
13:03:06  45.96
13:03:18  25.36
13:04:32  21.32
13:07:57  42.34
13:10:35  36.61
13:12:00  37.96
13:14:01  35.91
13:14:20  22.78
13:15:18  36.25
13:16:54  34.83
13:17:07  43.67
13:19:08  45.56
13:19:24  26.21
13:19:49  32.11
13:22:49  18.92
13:23:25  24.32
13:25:48  22.42
13:26:48  39.01
13:27:55  33.68
13:28:20  42.73
13:29:00  40.03
13:29:21  38.12
13:34:13  28.23
13:35:18  40.70
13:35:24  29.50
13:35:32  32.56
13:35:57  24.88
13:36:34  18.03
13:36:56  19.25
13:37:55  45.74
13:39:36  28.74
13:39:58  23.32
13:40:45  38.85
13:41:17  21.49
13:42:13  27.75
13:42:59  22.61
13:43:43  22.61
13:43:57  34.52
13:44:37  21.60
13:45:11  43.09
13:45:22  39.18
13:46:13  23.93
13:46:19  28.61
13:47:26  32.24
13:50:24  46.44
13:54:12  26.68
13:58:05  21.23
14:00:47  46.41
14:05:16  23.38
14:05:29  32.88
14:06:49  36.33
14:07:12  29.40
14:10:57  37.68
14:13:48  34.00
14:13:59  19.77
14:15:09  23.55
14:15:18  19.45
14:16:16  18.04
14:17:19  37.07
14:18:50  30.14
14:19:06  29.99
14:19:18  36.70
14:20:10  38.04
14:27:29  35.25
14:33:28  40.80
14:34:27  24.04
14:34:51  21.18
14:34:56  21.96
14:36:16  35.60
14:36:29  39.27
14:37:22  27.17
14:38:08  45.20
14:39:32  40.66
14:40:37  43.16
14:42:10  19.37
14:43:46  23.12
14:44:31  22.13
14:45:20  22.72
14:45:25  40.62
14:51:54  21.70
14:52:19  28.08
15:01:25  34.49
15:01:37  28.87
15:04:41  26.42
15:05:22  32.98
15:05:47  40.80
15:06:21  34.35
15:07:52  24.66
15:09:00  42.43
15:11:03  23.36
15:11:37  39.63
15:12:21  34.32
15:16:26  33.67
15:16:42  44.14
15:19:53  36.72
15:21:09  46.50
15:21:25  27.74
15:23:22  42.72
15:25:20  42.74
15:26:47  43.77
15:27:06  32.02
15:27:08  33.90
15:27:40  18.09
15:28:54  32.22
15:29:02  21.40
15:34:09  28.54
15:34:58  41.18
15:37:25  18.69
15:39:38  20.49
15:39:42  44.74
15:40:08  30.43
15:40:22  24.15
15:40:54  35.93
15:41:33  21.46
15:42:47  43.85
15:43:58  17.50
15:44:11  34.90
15:45:11  31.97
15:46:45  30.21
15:50:32  17.95
15:52:02  33.26
15:53:04  35.17
15:53:07  35.38
15:53:18  18.54
15:53:29  22.00
15:55:41  26.95
15:57:19  43.00
15:58:31  35.18
16:02:11  35.27
16:02:39  44.12
16:03:19  45.78
16:06:53  28.37
16:08:18  33.97
16:09:36  37.88
16:10:05  25.19
16:16:19  30.95
16:17:56  39.51
16:18:16  32.52
16:18:41  26.91
16:22:33  25.55
16:22:47  31.33
16:24:30  41.72
16:25:01  38.75
16:26:58  35.79
16:28:53  37.48
16:29:00  18.72
16:31:54  22.06
16:32:03  37.75
16:32:14  19.34
16:32:55  28.27
16:33:32  34.97
16:34:04  30.05
16:36:19  34.99
16:36:49  22.60
16:38:32  37.28
16:39:07  45.95
16:40:06  40.09
16:41:24  21.78
16:44:09  36.43
16:44:11  29.53
16:44:49  27.15
16:44:52  37.13
16:46:04  30.66
16:46:33  22.99
16:47:59  41.20
16:48:02  19.10
16:53:06  28.04
16:53:17  34.08
16:53:54  32.69
16:53:59  36.52
16:55:22  40.81
16:56:08  32.46
16:56:35  32.83
16:57:06  30.26
16:58:17  39.31
16:58:41  39.33
16:59:22  18.94
16:59:53  34.17
17:02:35  24.63
17:03:04  22.90
17:04:11  28.19
17:06:13  44.47
17:06:53  22.35
17:09:29  39.68
17:11:21  43.16
17:11:47  36.32
17:12:23  30.88
17:12:55  22.36
17:13:25  18.13
17:16:40  34.59
17:16:58  42.38
17:19:23  32.05
17:20:31  40.49
17:22:14  28.50
17:23:24  22.79
17:23:41  31.90
17:25:07  30.11
17:25:21  40.41
17:25:58  32.13
17:26:06  43.31
17:26:33  31.39
17:26:36  45.76
17:29:57  35.79
17:30:07  23.60
17:30:19  42.38
17:30:41  37.65
17:30:57  37.37
17:32:38  31.11
17:35:16  25.68
17:35:54  43.82
17:39:43  35.71
17:41:43  44.70
17:43:19  17.51
17:45:25  21.47
17:45:33  39.57
17:46:40  31.06
17:46:44  25.18
17:47:08  26.15
17:47:32  27.07
17:48:29  23.46
17:48:31  27.50
17:50:40  45.29
17:52:01  43.11
17:52:40  31.53
17:53:13  36.69
17:54:26  34.01
17:55:07  26.46
17:55:32  34.01
17:57:01  42.68
17:59:35  24.25
18:04:10  23.14
18:04:19  21.73
18:07:13  20.50
18:08:07  25.24
18:09:35  31.82
18:09:38  24.80
18:10:21  24.27
18:11:57  25.24
18:15:13  43.26
18:16:35  42.29
18:18:14  33.19
18:22:26  19.82
18:23:01  30.57
18:24:13  34.67
18:25:29  38.11
18:26:36  34.76
18:28:36  31.89
18:29:48  28.50
18:30:33  23.40
18:30:42  38.68
18:31:45  34.52
18:33:28  39.61
18:36:02  20.59
18:36:38  17.99
18:38:55  20.59
18:39:27  18.89
18:45:26  23.91
18:45:33  27.20
18:46:41  44.78
18:51:11  22.58
18:56:26  37.15
18:58:18  43.96
18:59:23  45.61
19:00:02  37.38
19:03:31  35.34
19:04:50  18.27
19:05:55  30.82
19:06:15  37.42
19:06:36  32.01
19:07:36  36.15
19:09:31  17.33
19:12:26  18.37
19:12:43  33.82
19:14:51  37.77
19:14:52  28.15
19:15:53  21.09
19:16:19  31.16
19:17:52  30.52
19:19:06  17.91
19:19:10  21.66
19:23:58  45.89
19:25:03  29.90
19:29:20  17.71
19:29:35  26.85
19:30:03  46.03
19:30:30  18.91
19:30:49  26.99
19:31:37  33.24
19:36:16  28.76
19:36:20  38.54
19:36:52  41.44
19:37:41  35.99
19:39:00  39.30
19:39:47  43.47
19:39:58  29.29
19:40:02  28.49
19:40:38  30.87
19:41:24  20.82
19:42:00  30.87
19:42:04  35.03
19:42:16  38.79
19:42:19  21.24
19:44:18  38.96
19:44:35  40.71
19:47:41  31.62
19:49:00  32.71
19:50:09  44.51
19:50:25  42.61
19:50:41  37.51
19:50:56  29.38
19:51:10  43.91
19:52:54  41.25
19:53:55  24.46
19:54:25  26.94
19:54:39  23.98
19:56:06  22.96
19:56:22  24.87
19:57:35  17.60
19:58:44  43.54
19:58:48  43.37
20:00:21  22.50
20:01:17  26.04
20:01:54  41.05
20:05:52  29.22
20:06:05  33.87
20:06:12  32.04
20:10:39  20.62
20:11:00  21.57
20:11:56  41.25
20:13:55  22.27
20:15:26  24.60
20:16:00  41.90
20:16:25  25.79
20:16:42  27.15
20:17:42  21.71
20:19:34  22.91
20:21:11  25.07
20:21:27  39.07
20:26:56  30.72
20:27:19  21.93
20:27:34  45.73
20:27:38  26.92
20:28:58  23.83
20:30:27  37.38
20:30:36  32.45
20:31:17  18.82
20:31:24  26.63
20:36:01  40.67
20:38:06  32.46
20:38:17  45.54
20:39:31  29.77
20:40:43  42.91
20:41:17  26.15
20:43:55  40.83
20:49:07  21.67
20:49:31  33.72
20:49:48  32.38
20:51:36  20.08
20:51:57  33.27
20:55:12  40.64
20:56:04  18.71
20:57:00  25.45
20:59:17  40.85
20:59:44  28.79
20:59:58  26.81
21:00:41  25.23
21:01:54  37.10
21:02:03  41.32
21:04:49  26.68
21:09:18  38.94
21:09:25  46.39
21:09:32  45.71
21:09:35  23.70
21:09:41  43.30
21:09:43  42.52
21:10:35  19.90
21:11:52  41.17
21:12:26  37.97
21:12:34  38.98
21:13:57  40.70
21:14:16  45.01
21:16:10  45.88
21:16:31  26.01
21:20:26  42.83
21:22:10  19.10
21:25:21  32.58
21:25:22  28.04
21:26:06  22.81
21:26:17  26.34
21:32:18  25.38
21:34:53  44.33
21:35:26  36.09
21:35:39  28.61
21:35:43  40.05
21:36:35  20.30
21:36:59  38.50
21:40:19  44.49
21:42:50  46.17
21:44:38  21.06
21:49:17  33.87
21:49:59  38.11
21:50:19  18.07
21:50:22  45.33
21:52:12  27.72
21:52:28  41.65
21:56:12  17.45
21:56:29  21.97
21:56:51  38.34
21:57:43  19.03
22:00:19  37.73
22:00:33  19.82
22:01:44  21.66
22:02:42  21.53
22:09:09  41.43
22:10:36  31.77
22:10:42  35.88
22:10:58  27.82
22:12:33  21.38
22:14:25  24.59
22:14:41  20.94
22:16:42  44.63
22:21:47  21.53
22:24:47  38.26
22:25:21  42.33
22:25:57  36.35
22:27:13  28.22
22:27:17  26.50
22:27:28  45.12
22:30:04  42.99
22:33:07  31.17
22:33:54  42.75
22:35:03  22.05
22:36:52  44.30
22:38:12  42.17
22:39:52  27.69
22:41:47  20.47
22:44:23  26.08
22:44:40  34.82
22:45:10  43.48
22:45:19  29.89
22:45:51  19.24
22:46:30  25.60
22:46:32  38.00
22:49:18  34.00
22:49:41  36.64
22:52:48  45.76
22:54:51  40.72
22:56:27  28.88
23:01:30  38.15
23:02:44  45.72
23:04:55  37.50
23:05:03  34.49
23:07:43  33.98
23:08:13  27.08
23:08:39  34.41
23:09:26  37.35
23:13:59  33.13
23:16:48  43.01
23:17:27  36.22
23:17:38  34.35
23:22:00  46.31
23:26:43  37.58
23:27:06  22.53
23:27:07  38.46
23:29:20  35.46
23:29:42  19.35
23:30:45  33.99
23:31:37  44.28
23:33:47  28.93
23:34:29  23.78
23:34:55  27.93
23:34:59  43.08
23:40:06  40.16
23:40:18  19.23
23:44:19  29.73
23:45:55  42.73
23:47:57  19.64
23:48:03  40.08
23:50:44  46.06
23:50:59  20.94
23:53:26  31.93
23:55:16  38.30
23:55:37  26.16
23:55:54  44.87
23:56:21  35.94
23:56:42  29.06
23:58:23  19.13
23:58:42  40.17
